2024-09-14 04:38:08,666 INFO o.a.j.u.JMeterUtils: Setting Locale to en_EN
2024-09-14 04:38:08,675 INFO o.a.j.JMeter: Loading user properties from: /opt/homebrew/Cellar/jmeter/5.6.3/libexec/bin/user.properties
2024-09-14 04:38:08,675 INFO o.a.j.JMeter: Loading system properties from: /opt/homebrew/Cellar/jmeter/5.6.3/libexec/bin/system.properties
2024-09-14 04:38:08,679 INFO o.a.j.JMeter: Copyright (c) 1998-2024 The Apache Software Foundation
2024-09-14 04:38:08,679 INFO o.a.j.JMeter: Version 5.6.3
2024-09-14 04:38:08,679 INFO o.a.j.JMeter: java.version=21.0.4
2024-09-14 04:38:08,679 INFO o.a.j.JMeter: java.vm.name=OpenJDK 64-Bit Server VM
2024-09-14 04:38:08,679 INFO o.a.j.JMeter: os.name=Mac OS X
2024-09-14 04:38:08,679 INFO o.a.j.JMeter: os.arch=aarch64
2024-09-14 04:38:08,679 INFO o.a.j.JMeter: os.version=14.6.1
2024-09-14 04:38:08,679 INFO o.a.j.JMeter: file.encoding=UTF-8
2024-09-14 04:38:08,679 INFO o.a.j.JMeter: java.awt.headless=true
2024-09-14 04:38:08,679 INFO o.a.j.JMeter: Max memory     =1073741824
2024-09-14 04:38:08,679 INFO o.a.j.JMeter: Available Processors =8
2024-09-14 04:38:08,683 INFO o.a.j.JMeter: Default Locale=English (EN)
2024-09-14 04:38:08,683 INFO o.a.j.JMeter: JMeter  Locale=English (EN)
2024-09-14 04:38:08,683 INFO o.a.j.JMeter: JMeterHome=/opt/homebrew/Cellar/jmeter/5.6.3/libexec
2024-09-14 04:38:08,683 INFO o.a.j.JMeter: user.dir  =/Users/thanakornwannatong/Desktop/backend
2024-09-14 04:38:08,684 INFO o.a.j.JMeter: PWD       =/Users/thanakornwannatong/Desktop/backend
2024-09-14 04:38:08,685 INFO o.a.j.JMeter: IP: 127.0.0.1 Name: Thanakorns-MacBook-Air.local FullName: localhost
2024-09-14 04:38:08,691 INFO o.a.j.s.FileServer: Default base='/Users/thanakornwannatong/Desktop/backend'
2024-09-14 04:38:08,691 INFO o.a.j.s.FileServer: Set new base='/Users/thanakornwannatong/Desktop/backend'
2024-09-14 04:38:08,776 INFO o.a.j.s.SaveService: Testplan (JMX) version: 2.2. Testlog (JTL) version: 2.2
2024-09-14 04:38:08,798 INFO o.a.j.s.SaveService: Using SaveService properties version 5.0
2024-09-14 04:38:08,800 INFO o.a.j.s.SaveService: Using SaveService properties file encoding UTF-8
2024-09-14 04:38:08,801 INFO o.a.j.s.SaveService: Loading file: ThreadGroup.jmx
2024-09-14 04:38:08,832 INFO o.a.j.p.h.s.HTTPSamplerBase: Parser for text/html is org.apache.jmeter.protocol.http.parser.LagartoBasedHtmlParser
2024-09-14 04:38:08,833 INFO o.a.j.p.h.s.HTTPSamplerBase: Parser for application/xhtml+xml is org.apache.jmeter.protocol.http.parser.LagartoBasedHtmlParser
2024-09-14 04:38:08,833 INFO o.a.j.p.h.s.HTTPSamplerBase: Parser for application/xml is org.apache.jmeter.protocol.http.parser.LagartoBasedHtmlParser
2024-09-14 04:38:08,833 INFO o.a.j.p.h.s.HTTPSamplerBase: Parser for text/xml is org.apache.jmeter.protocol.http.parser.LagartoBasedHtmlParser
2024-09-14 04:38:08,833 INFO o.a.j.p.h.s.HTTPSamplerBase: Parser for text/vnd.wap.wml is org.apache.jmeter.protocol.http.parser.RegexpHTMLParser
2024-09-14 04:38:08,833 INFO o.a.j.p.h.s.HTTPSamplerBase: Parser for text/css is org.apache.jmeter.protocol.http.parser.CssParser
2024-09-14 04:38:08,842 INFO o.a.j.JMeter: Creating summariser <summary>
2024-09-14 04:38:08,848 INFO o.a.j.e.StandardJMeterEngine: Running the test!
2024-09-14 04:38:08,848 INFO o.a.j.s.SampleEvent: List of sample_variables: []
2024-09-14 04:38:08,848 INFO o.a.j.s.SampleEvent: List of sample_variables: []
2024-09-14 04:38:08,850 INFO o.a.j.e.u.CompoundVariable: Note: Function class names must contain the string: '.functions.'
2024-09-14 04:38:08,850 INFO o.a.j.e.u.CompoundVariable: Note: Function class names must not contain the string: '.gui.'
2024-09-14 04:38:08,875 INFO o.a.j.r.ClassFinder: Will scan jar /opt/homebrew/Cellar/jmeter/5.6.3/libexec/lib/ext/jmeter-plugins-manager-1.9.jar with filter ExtendsClassFilter [parents=[interface org.apache.jmeter.functions.Function], inner=false, contains=null, notContains=null]. Consider exposing JMeter plugins via META-INF/services, and add JMeter-Skip-Class-Scanning=true manifest attribute so JMeter can skip classfile scanning
2024-09-14 04:38:08,914 INFO o.a.j.JMeter: Running test (1726263488914)
2024-09-14 04:38:08,923 INFO o.a.j.e.StandardJMeterEngine: Starting ThreadGroup: 1 : Thread Group
2024-09-14 04:38:08,923 INFO o.a.j.e.StandardJMeterEngine: Starting 100 threads for group Thread Group.
2024-09-14 04:38:08,923 INFO o.a.j.e.StandardJMeterEngine: Thread will continue on error
2024-09-14 04:38:08,923 INFO o.a.j.t.ThreadGroup: Starting thread group... number=1 threads=100 ramp-up=1 delayedStart=false
2024-09-14 04:38:08,925 INFO o.a.j.t.JMeterThread: Thread started: Thread Group 1-1
2024-09-14 04:38:08,934 INFO o.a.j.p.h.s.HTTPHCAbstractImpl: Local host = Thanakorns-MacBook-Air.local
2024-09-14 04:38:08,935 INFO o.a.j.t.ThreadGroup: Started thread group number 1
2024-09-14 04:38:08,935 INFO o.a.j.e.StandardJMeterEngine: All thread groups have been started
2024-09-14 04:38:08,936 INFO o.a.j.p.h.s.HTTPHC4Impl: HTTP request retry count = 0
2024-09-14 04:38:08,937 INFO o.a.j.t.JMeterThread: Thread started: Thread Group 1-2
2024-09-14 04:38:08,937 INFO o.a.j.s.SampleResult: Note: Sample TimeStamps are START times
2024-09-14 04:38:08,937 INFO o.a.j.s.SampleResult: sampleresult.default.encoding is set to UTF-8
2024-09-14 04:38:08,937 INFO o.a.j.s.SampleResult: sampleresult.useNanoTime=true
2024-09-14 04:38:08,937 INFO o.a.j.s.SampleResult: sampleresult.nanoThreadSleep=5000
2024-09-14 04:38:08,948 INFO o.a.j.t.JMeterThread: Thread started: Thread Group 1-3
2024-09-14 04:38:08,954 INFO o.a.j.t.JMeterThread: Thread started: Thread Group 1-4
2024-09-14 04:38:08,964 INFO o.a.j.t.JMeterThread: Thread started: Thread Group 1-5
2024-09-14 04:38:08,977 INFO o.a.j.t.JMeterThread: Thread started: Thread Group 1-6
2024-09-14 04:38:08,983 INFO o.a.j.p.h.s.h.LazyLayeredConnectionSocketFactory: Setting up HTTPS TrustAll Socket Factory
2024-09-14 04:38:08,986 INFO o.a.j.u.JsseSSLManager: Using default SSL protocol: TLS
2024-09-14 04:38:08,986 INFO o.a.j.u.JsseSSLManager: SSL session context: per-thread
2024-09-14 04:38:08,988 INFO o.a.j.t.JMeterThread: Thread started: Thread Group 1-7
2024-09-14 04:38:08,998 INFO o.a.j.t.JMeterThread: Thread started: Thread Group 1-8
2024-09-14 04:38:09,008 INFO o.a.j.t.JMeterThread: Thread started: Thread Group 1-9
2024-09-14 04:38:09,014 INFO o.a.j.t.JMeterThread: Thread started: Thread Group 1-10
2024-09-14 04:38:09,028 INFO o.a.j.t.JMeterThread: Thread started: Thread Group 1-11
2024-09-14 04:38:09,038 INFO o.a.j.t.JMeterThread: Thread started: Thread Group 1-12
2024-09-14 04:38:09,047 INFO o.a.j.u.SSLManager: JmeterKeyStore Location:  type JKS
2024-09-14 04:38:09,048 INFO o.a.j.u.SSLManager: KeyStore created OK
2024-09-14 04:38:09,048 WARN o.a.j.u.SSLManager: Keystore file not found, loading empty keystore
2024-09-14 04:38:09,048 INFO o.a.j.t.JMeterThread: Thread started: Thread Group 1-13
2024-09-14 04:38:09,058 INFO o.a.j.t.JMeterThread: Thread started: Thread Group 1-14
2024-09-14 04:38:09,069 INFO o.a.j.t.JMeterThread: Thread started: Thread Group 1-15
2024-09-14 04:38:09,075 INFO o.a.j.t.JMeterThread: Thread started: Thread Group 1-16
2024-09-14 04:38:09,086 INFO o.a.j.t.JMeterThread: Thread started: Thread Group 1-17
2024-09-14 04:38:09,100 INFO o.a.j.t.JMeterThread: Thread started: Thread Group 1-18
2024-09-14 04:38:09,108 INFO o.a.j.t.JMeterThread: Thread started: Thread Group 1-19
2024-09-14 04:38:09,127 INFO o.a.j.t.JMeterThread: Thread started: Thread Group 1-20
2024-09-14 04:38:09,130 INFO o.a.j.t.JMeterThread: Thread started: Thread Group 1-21
2024-09-14 04:38:09,159 INFO o.a.j.t.JMeterThread: Thread started: Thread Group 1-22
2024-09-14 04:38:09,160 INFO o.a.j.t.JMeterThread: Thread started: Thread Group 1-24
2024-09-14 04:38:09,173 INFO o.a.j.t.JMeterThread: Thread started: Thread Group 1-25
2024-09-14 04:38:09,160 INFO o.a.j.t.JMeterThread: Thread started: Thread Group 1-23
2024-09-14 04:38:09,177 INFO o.a.j.t.JMeterThread: Thread started: Thread Group 1-26
2024-09-14 04:38:09,184 INFO o.a.j.t.JMeterThread: Thread started: Thread Group 1-27
2024-09-14 04:38:09,194 INFO o.a.j.t.JMeterThread: Thread started: Thread Group 1-28
2024-09-14 04:38:09,206 INFO o.a.j.t.JMeterThread: Thread started: Thread Group 1-29
2024-09-14 04:38:09,215 INFO o.a.j.t.JMeterThread: Thread started: Thread Group 1-30
2024-09-14 04:38:09,229 INFO o.a.j.t.JMeterThread: Thread started: Thread Group 1-31
2024-09-14 04:38:09,238 INFO o.a.j.t.JMeterThread: Thread started: Thread Group 1-32
2024-09-14 04:38:09,248 INFO o.a.j.t.JMeterThread: Thread started: Thread Group 1-33
2024-09-14 04:38:09,255 INFO o.a.j.t.JMeterThread: Thread started: Thread Group 1-34
2024-09-14 04:38:09,275 INFO o.a.j.t.JMeterThread: Thread started: Thread Group 1-35
2024-09-14 04:38:09,284 INFO o.a.j.t.JMeterThread: Thread started: Thread Group 1-36
2024-09-14 04:38:09,285 INFO o.a.j.t.JMeterThread: Thread started: Thread Group 1-37
2024-09-14 04:38:09,297 INFO o.a.j.t.JMeterThread: Thread started: Thread Group 1-38
2024-09-14 04:38:09,307 INFO o.a.j.t.JMeterThread: Thread started: Thread Group 1-39
2024-09-14 04:38:09,317 INFO o.a.j.t.JMeterThread: Thread started: Thread Group 1-40
2024-09-14 04:38:09,328 INFO o.a.j.t.JMeterThread: Thread started: Thread Group 1-41
2024-09-14 04:38:09,338 INFO o.a.j.t.JMeterThread: Thread started: Thread Group 1-42
2024-09-14 04:38:09,344 INFO o.a.j.t.JMeterThread: Thread started: Thread Group 1-43
2024-09-14 04:38:09,354 INFO o.a.j.t.JMeterThread: Thread started: Thread Group 1-44
2024-09-14 04:38:09,368 INFO o.a.j.t.JMeterThread: Thread started: Thread Group 1-45
2024-09-14 04:38:09,374 INFO o.a.j.t.JMeterThread: Thread started: Thread Group 1-46
2024-09-14 04:38:09,384 INFO o.a.j.t.JMeterThread: Thread started: Thread Group 1-47
2024-09-14 04:38:09,396 INFO o.a.j.t.JMeterThread: Thread started: Thread Group 1-48
2024-09-14 04:38:09,408 INFO o.a.j.t.JMeterThread: Thread started: Thread Group 1-49
2024-09-14 04:38:09,417 INFO o.a.j.t.JMeterThread: Thread started: Thread Group 1-50
2024-09-14 04:38:09,429 INFO o.a.j.t.JMeterThread: Thread started: Thread Group 1-51
2024-09-14 04:38:09,434 INFO o.a.j.t.JMeterThread: Thread started: Thread Group 1-52
2024-09-14 04:38:09,448 INFO o.a.j.t.JMeterThread: Thread started: Thread Group 1-53
2024-09-14 04:38:09,454 INFO o.a.j.t.JMeterThread: Thread started: Thread Group 1-54
2024-09-14 04:38:09,468 INFO o.a.j.t.JMeterThread: Thread started: Thread Group 1-55
2024-09-14 04:38:09,477 INFO o.a.j.t.JMeterThread: Thread started: Thread Group 1-56
2024-09-14 04:38:09,483 INFO o.a.j.t.JMeterThread: Thread started: Thread Group 1-57
2024-09-14 04:38:09,498 INFO o.a.j.t.JMeterThread: Thread started: Thread Group 1-58
2024-09-14 04:38:09,504 INFO o.a.j.t.JMeterThread: Thread started: Thread Group 1-59
2024-09-14 04:38:09,518 INFO o.a.j.t.JMeterThread: Thread started: Thread Group 1-60
2024-09-14 04:38:09,526 INFO o.a.j.t.JMeterThread: Thread started: Thread Group 1-61
2024-09-14 04:38:09,539 INFO o.a.j.t.JMeterThread: Thread started: Thread Group 1-62
2024-09-14 04:38:09,548 INFO o.a.j.t.JMeterThread: Thread started: Thread Group 1-63
2024-09-14 04:38:09,558 INFO o.a.j.t.JMeterThread: Thread started: Thread Group 1-64
2024-09-14 04:38:09,568 INFO o.a.j.t.JMeterThread: Thread started: Thread Group 1-65
2024-09-14 04:38:09,575 INFO o.a.j.t.JMeterThread: Thread started: Thread Group 1-66
2024-09-14 04:38:09,587 INFO o.a.j.t.JMeterThread: Thread started: Thread Group 1-67
2024-09-14 04:38:09,598 INFO o.a.j.t.JMeterThread: Thread started: Thread Group 1-68
2024-09-14 04:38:09,608 INFO o.a.j.t.JMeterThread: Thread started: Thread Group 1-69
2024-09-14 04:38:09,618 INFO o.a.j.t.JMeterThread: Thread started: Thread Group 1-70
2024-09-14 04:38:09,624 INFO o.a.j.t.JMeterThread: Thread started: Thread Group 1-71
2024-09-14 04:38:09,638 INFO o.a.j.t.JMeterThread: Thread started: Thread Group 1-72
2024-09-14 04:38:09,645 INFO o.a.j.t.JMeterThread: Thread started: Thread Group 1-73
2024-09-14 04:38:09,655 INFO o.a.j.t.JMeterThread: Thread started: Thread Group 1-74
2024-09-14 04:38:09,663 INFO o.a.j.t.JMeterThread: Thread started: Thread Group 1-75
2024-09-14 04:38:09,678 INFO o.a.j.t.JMeterThread: Thread started: Thread Group 1-76
2024-09-14 04:38:09,688 INFO o.a.j.t.JMeterThread: Thread started: Thread Group 1-77
2024-09-14 04:38:09,694 INFO o.a.j.t.JMeterThread: Thread started: Thread Group 1-78
2024-09-14 04:38:09,705 INFO o.a.j.t.JMeterThread: Thread started: Thread Group 1-79
2024-09-14 04:38:09,714 INFO o.a.j.t.JMeterThread: Thread started: Thread Group 1-80
2024-09-14 04:38:09,728 INFO o.a.j.t.JMeterThread: Thread started: Thread Group 1-81
2024-09-14 04:38:09,738 INFO o.a.j.t.JMeterThread: Thread started: Thread Group 1-82
2024-09-14 04:38:09,745 INFO o.a.j.t.JMeterThread: Thread started: Thread Group 1-83
2024-09-14 04:38:09,756 INFO o.a.j.t.JMeterThread: Thread started: Thread Group 1-84
2024-09-14 04:38:09,765 INFO o.a.j.t.JMeterThread: Thread started: Thread Group 1-85
2024-09-14 04:38:09,778 INFO o.a.j.t.JMeterThread: Thread started: Thread Group 1-86
2024-09-14 04:38:09,788 INFO o.a.j.t.JMeterThread: Thread started: Thread Group 1-87
2024-09-14 04:38:09,798 INFO o.a.j.t.JMeterThread: Thread started: Thread Group 1-88
2024-09-14 04:38:09,804 INFO o.a.j.t.JMeterThread: Thread started: Thread Group 1-89
2024-09-14 04:38:09,816 INFO o.a.j.t.JMeterThread: Thread started: Thread Group 1-90
2024-09-14 04:38:09,827 INFO o.a.j.t.JMeterThread: Thread started: Thread Group 1-91
2024-09-14 04:38:09,836 INFO o.a.j.t.JMeterThread: Thread started: Thread Group 1-92
2024-09-14 04:38:09,844 INFO o.a.j.t.JMeterThread: Thread started: Thread Group 1-93
2024-09-14 04:38:09,854 INFO o.a.j.t.JMeterThread: Thread started: Thread Group 1-94
2024-09-14 04:38:09,866 INFO o.a.j.t.JMeterThread: Thread started: Thread Group 1-95
2024-09-14 04:38:09,879 INFO o.a.j.t.JMeterThread: Thread started: Thread Group 1-96
2024-09-14 04:38:09,889 INFO o.a.j.t.JMeterThread: Thread started: Thread Group 1-97
2024-09-14 04:38:09,897 INFO o.a.j.t.JMeterThread: Thread started: Thread Group 1-98
2024-09-14 04:38:09,906 INFO o.a.j.t.JMeterThread: Thread started: Thread Group 1-99
2024-09-14 04:38:09,915 INFO o.a.j.t.JMeterThread: Thread started: Thread Group 1-100
2024-09-14 04:38:09,930 INFO o.a.j.t.JMeterThread: Stopping because end time detected by thread: Thread Group 1-32
2024-09-14 04:38:09,930 INFO o.a.j.t.JMeterThread: Thread finished: Thread Group 1-32
2024-09-14 04:38:09,936 INFO o.a.j.t.JMeterThread: Stopping because end time detected by thread: Thread Group 1-63
2024-09-14 04:38:09,936 INFO o.a.j.t.JMeterThread: Thread finished: Thread Group 1-63
2024-09-14 04:38:09,936 INFO o.a.j.t.JMeterThread: Stopping because end time detected by thread: Thread Group 1-11
2024-09-14 04:38:09,936 INFO o.a.j.t.JMeterThread: Thread finished: Thread Group 1-11
2024-09-14 04:38:09,942 INFO o.a.j.t.JMeterThread: Stopping because end time detected by thread: Thread Group 1-30
2024-09-14 04:38:09,942 INFO o.a.j.t.JMeterThread: Stopping because end time detected by thread: Thread Group 1-44
2024-09-14 04:38:09,942 INFO o.a.j.t.JMeterThread: Thread finished: Thread Group 1-30
2024-09-14 04:38:09,942 INFO o.a.j.t.JMeterThread: Thread finished: Thread Group 1-44
2024-09-14 04:38:09,942 INFO o.a.j.t.JMeterThread: Stopping because end time detected by thread: Thread Group 1-27
2024-09-14 04:38:09,942 INFO o.a.j.t.JMeterThread: Thread finished: Thread Group 1-27
2024-09-14 04:38:09,942 INFO o.a.j.t.JMeterThread: Stopping because end time detected by thread: Thread Group 1-71
2024-09-14 04:38:09,942 INFO o.a.j.t.JMeterThread: Stopping because end time detected by thread: Thread Group 1-12
2024-09-14 04:38:09,942 INFO o.a.j.t.JMeterThread: Thread finished: Thread Group 1-71
2024-09-14 04:38:09,942 INFO o.a.j.t.JMeterThread: Thread finished: Thread Group 1-12
2024-09-14 04:38:09,956 INFO o.a.j.t.JMeterThread: Stopping because end time detected by thread: Thread Group 1-79
2024-09-14 04:38:09,956 INFO o.a.j.t.JMeterThread: Stopping because end time detected by thread: Thread Group 1-66
2024-09-14 04:38:09,956 INFO o.a.j.t.JMeterThread: Thread finished: Thread Group 1-79
2024-09-14 04:38:09,956 INFO o.a.j.t.JMeterThread: Thread finished: Thread Group 1-66
2024-09-14 04:38:09,957 INFO o.a.j.t.JMeterThread: Stopping because end time detected by thread: Thread Group 1-13
2024-09-14 04:38:09,957 INFO o.a.j.t.JMeterThread: Thread finished: Thread Group 1-13
2024-09-14 04:38:09,958 INFO o.a.j.t.JMeterThread: Stopping because end time detected by thread: Thread Group 1-6
2024-09-14 04:38:09,958 INFO o.a.j.t.JMeterThread: Thread finished: Thread Group 1-6
2024-09-14 04:38:09,959 INFO o.a.j.t.JMeterThread: Stopping because end time detected by thread: Thread Group 1-74
2024-09-14 04:38:09,959 INFO o.a.j.t.JMeterThread: Thread finished: Thread Group 1-74
2024-09-14 04:38:09,959 INFO o.a.j.t.JMeterThread: Stopping because end time detected by thread: Thread Group 1-16
2024-09-14 04:38:09,959 INFO o.a.j.t.JMeterThread: Thread finished: Thread Group 1-16
2024-09-14 04:38:09,959 INFO o.a.j.t.JMeterThread: Stopping because end time detected by thread: Thread Group 1-29
2024-09-14 04:38:09,959 INFO o.a.j.t.JMeterThread: Stopping because end time detected by thread: Thread Group 1-21
2024-09-14 04:38:09,959 INFO o.a.j.t.JMeterThread: Thread finished: Thread Group 1-29
2024-09-14 04:38:09,959 INFO o.a.j.t.JMeterThread: Stopping because end time detected by thread: Thread Group 1-35
2024-09-14 04:38:09,959 INFO o.a.j.t.JMeterThread: Thread finished: Thread Group 1-21
2024-09-14 04:38:09,960 INFO o.a.j.t.JMeterThread: Thread finished: Thread Group 1-35
2024-09-14 04:38:09,959 INFO o.a.j.t.JMeterThread: Stopping because end time detected by thread: Thread Group 1-55
2024-09-14 04:38:09,959 INFO o.a.j.t.JMeterThread: Stopping because end time detected by thread: Thread Group 1-73
2024-09-14 04:38:09,959 INFO o.a.j.t.JMeterThread: Stopping because end time detected by thread: Thread Group 1-5
2024-09-14 04:38:09,960 INFO o.a.j.t.JMeterThread: Thread finished: Thread Group 1-55
2024-09-14 04:38:09,960 INFO o.a.j.t.JMeterThread: Thread finished: Thread Group 1-73
2024-09-14 04:38:09,960 INFO o.a.j.t.JMeterThread: Thread finished: Thread Group 1-5
2024-09-14 04:38:09,960 INFO o.a.j.t.JMeterThread: Stopping because end time detected by thread: Thread Group 1-72
2024-09-14 04:38:09,960 INFO o.a.j.t.JMeterThread: Thread finished: Thread Group 1-72
2024-09-14 04:38:09,965 INFO o.a.j.t.JMeterThread: Stopping because end time detected by thread: Thread Group 1-54
2024-09-14 04:38:09,965 INFO o.a.j.t.JMeterThread: Thread finished: Thread Group 1-54
2024-09-14 04:38:09,965 INFO o.a.j.t.JMeterThread: Stopping because end time detected by thread: Thread Group 1-37
2024-09-14 04:38:09,965 INFO o.a.j.t.JMeterThread: Thread finished: Thread Group 1-37
2024-09-14 04:38:09,969 INFO o.a.j.t.JMeterThread: Stopping because end time detected by thread: Thread Group 1-1
2024-09-14 04:38:09,969 INFO o.a.j.t.JMeterThread: Stopping because end time detected by thread: Thread Group 1-75
2024-09-14 04:38:09,969 INFO o.a.j.t.JMeterThread: Thread finished: Thread Group 1-1
2024-09-14 04:38:09,969 INFO o.a.j.t.JMeterThread: Thread finished: Thread Group 1-75
2024-09-14 04:38:09,970 INFO o.a.j.t.JMeterThread: Stopping because end time detected by thread: Thread Group 1-83
2024-09-14 04:38:09,970 INFO o.a.j.t.JMeterThread: Thread finished: Thread Group 1-83
2024-09-14 04:38:09,974 INFO o.a.j.t.JMeterThread: Stopping because end time detected by thread: Thread Group 1-47
2024-09-14 04:38:09,974 INFO o.a.j.t.JMeterThread: Thread finished: Thread Group 1-47
2024-09-14 04:38:09,979 INFO o.a.j.t.JMeterThread: Stopping because end time detected by thread: Thread Group 1-33
2024-09-14 04:38:09,979 INFO o.a.j.t.JMeterThread: Thread finished: Thread Group 1-33
2024-09-14 04:38:09,979 INFO o.a.j.t.JMeterThread: Stopping because end time detected by thread: Thread Group 1-60
2024-09-14 04:38:09,979 INFO o.a.j.t.JMeterThread: Thread finished: Thread Group 1-60
2024-09-14 04:38:09,979 INFO o.a.j.t.JMeterThread: Stopping because end time detected by thread: Thread Group 1-36
2024-09-14 04:38:09,980 INFO o.a.j.t.JMeterThread: Thread finished: Thread Group 1-36
2024-09-14 04:38:09,980 INFO o.a.j.t.JMeterThread: Stopping because end time detected by thread: Thread Group 1-85
2024-09-14 04:38:09,980 INFO o.a.j.t.JMeterThread: Thread finished: Thread Group 1-85
2024-09-14 04:38:09,985 INFO o.a.j.t.JMeterThread: Stopping because end time detected by thread: Thread Group 1-77
2024-09-14 04:38:09,985 INFO o.a.j.t.JMeterThread: Thread finished: Thread Group 1-77
2024-09-14 04:38:09,993 INFO o.a.j.t.JMeterThread: Stopping because end time detected by thread: Thread Group 1-17
2024-09-14 04:38:09,993 INFO o.a.j.t.JMeterThread: Thread finished: Thread Group 1-17
2024-09-14 04:38:09,994 INFO o.a.j.t.JMeterThread: Stopping because end time detected by thread: Thread Group 1-2
2024-09-14 04:38:09,994 INFO o.a.j.t.JMeterThread: Thread finished: Thread Group 1-2
2024-09-14 04:38:09,994 INFO o.a.j.t.JMeterThread: Stopping because end time detected by thread: Thread Group 1-22
2024-09-14 04:38:09,994 INFO o.a.j.t.JMeterThread: Thread finished: Thread Group 1-22
2024-09-14 04:38:09,995 INFO o.a.j.t.JMeterThread: Stopping because end time detected by thread: Thread Group 1-25
2024-09-14 04:38:09,995 INFO o.a.j.t.JMeterThread: Stopping because end time detected by thread: Thread Group 1-50
2024-09-14 04:38:09,995 INFO o.a.j.t.JMeterThread: Thread finished: Thread Group 1-25
2024-09-14 04:38:09,995 INFO o.a.j.t.JMeterThread: Thread finished: Thread Group 1-50
2024-09-14 04:38:09,995 INFO o.a.j.t.JMeterThread: Stopping because end time detected by thread: Thread Group 1-65
2024-09-14 04:38:09,995 INFO o.a.j.t.JMeterThread: Thread finished: Thread Group 1-65
2024-09-14 04:38:09,995 INFO o.a.j.t.JMeterThread: Stopping because end time detected by thread: Thread Group 1-4
2024-09-14 04:38:09,995 INFO o.a.j.t.JMeterThread: Thread finished: Thread Group 1-4
2024-09-14 04:38:10,000 INFO o.a.j.t.JMeterThread: Stopping because end time detected by thread: Thread Group 1-18
2024-09-14 04:38:10,000 INFO o.a.j.t.JMeterThread: Stopping because end time detected by thread: Thread Group 1-8
2024-09-14 04:38:10,000 INFO o.a.j.t.JMeterThread: Thread finished: Thread Group 1-18
2024-09-14 04:38:10,000 INFO o.a.j.t.JMeterThread: Thread finished: Thread Group 1-8
2024-09-14 04:38:10,003 INFO o.a.j.t.JMeterThread: Stopping because end time detected by thread: Thread Group 1-26
2024-09-14 04:38:10,003 INFO o.a.j.t.JMeterThread: Thread finished: Thread Group 1-26
2024-09-14 04:38:10,003 INFO o.a.j.t.JMeterThread: Stopping because end time detected by thread: Thread Group 1-7
2024-09-14 04:38:10,003 INFO o.a.j.t.JMeterThread: Thread finished: Thread Group 1-7
2024-09-14 04:38:10,003 INFO o.a.j.t.JMeterThread: Stopping because end time detected by thread: Thread Group 1-49
2024-09-14 04:38:10,003 INFO o.a.j.t.JMeterThread: Thread finished: Thread Group 1-49
2024-09-14 04:38:10,003 INFO o.a.j.t.JMeterThread: Stopping because end time detected by thread: Thread Group 1-41
2024-09-14 04:38:10,003 INFO o.a.j.t.JMeterThread: Thread finished: Thread Group 1-41
2024-09-14 04:38:10,003 INFO o.a.j.t.JMeterThread: Stopping because end time detected by thread: Thread Group 1-40
2024-09-14 04:38:10,003 INFO o.a.j.t.JMeterThread: Thread finished: Thread Group 1-40
2024-09-14 04:38:10,004 INFO o.a.j.t.JMeterThread: Stopping because end time detected by thread: Thread Group 1-31
2024-09-14 04:38:10,004 INFO o.a.j.t.JMeterThread: Thread finished: Thread Group 1-31
2024-09-14 04:38:10,005 INFO o.a.j.t.JMeterThread: Stopping because end time detected by thread: Thread Group 1-59
2024-09-14 04:38:10,006 INFO o.a.j.t.JMeterThread: Thread finished: Thread Group 1-59
2024-09-14 04:38:10,006 INFO o.a.j.t.JMeterThread: Stopping because end time detected by thread: Thread Group 1-68
2024-09-14 04:38:10,007 INFO o.a.j.t.JMeterThread: Thread finished: Thread Group 1-68
2024-09-14 04:38:10,008 INFO o.a.j.t.JMeterThread: Stopping because end time detected by thread: Thread Group 1-56
2024-09-14 04:38:10,009 INFO o.a.j.t.JMeterThread: Thread finished: Thread Group 1-56
2024-09-14 04:38:10,011 INFO o.a.j.t.JMeterThread: Stopping because end time detected by thread: Thread Group 1-23
2024-09-14 04:38:10,011 INFO o.a.j.t.JMeterThread: Thread finished: Thread Group 1-23
2024-09-14 04:38:10,013 INFO o.a.j.t.JMeterThread: Stopping because end time detected by thread: Thread Group 1-39
2024-09-14 04:38:10,013 INFO o.a.j.t.JMeterThread: Stopping because end time detected by thread: Thread Group 1-3
2024-09-14 04:38:10,013 INFO o.a.j.t.JMeterThread: Thread finished: Thread Group 1-39
2024-09-14 04:38:10,013 INFO o.a.j.t.JMeterThread: Thread finished: Thread Group 1-3
2024-09-14 04:38:10,015 INFO o.a.j.t.JMeterThread: Stopping because end time detected by thread: Thread Group 1-61
2024-09-14 04:38:10,015 INFO o.a.j.t.JMeterThread: Thread finished: Thread Group 1-61
2024-09-14 04:38:10,017 INFO o.a.j.t.JMeterThread: Stopping because end time detected by thread: Thread Group 1-87
2024-09-14 04:38:10,017 INFO o.a.j.t.JMeterThread: Thread finished: Thread Group 1-87
2024-09-14 04:38:10,017 INFO o.a.j.t.JMeterThread: Stopping because end time detected by thread: Thread Group 1-45
2024-09-14 04:38:10,017 INFO o.a.j.t.JMeterThread: Stopping because end time detected by thread: Thread Group 1-14
2024-09-14 04:38:10,017 INFO o.a.j.t.JMeterThread: Thread finished: Thread Group 1-45
2024-09-14 04:38:10,017 INFO o.a.j.t.JMeterThread: Thread finished: Thread Group 1-14
2024-09-14 04:38:10,017 INFO o.a.j.t.JMeterThread: Stopping because end time detected by thread: Thread Group 1-51
2024-09-14 04:38:10,017 INFO o.a.j.t.JMeterThread: Thread finished: Thread Group 1-51
2024-09-14 04:38:10,022 INFO o.a.j.t.JMeterThread: Stopping because end time detected by thread: Thread Group 1-19
2024-09-14 04:38:10,022 INFO o.a.j.t.JMeterThread: Stopping because end time detected by thread: Thread Group 1-34
2024-09-14 04:38:10,022 INFO o.a.j.t.JMeterThread: Thread finished: Thread Group 1-19
2024-09-14 04:38:10,022 INFO o.a.j.t.JMeterThread: Thread finished: Thread Group 1-34
2024-09-14 04:38:10,022 INFO o.a.j.t.JMeterThread: Stopping because end time detected by thread: Thread Group 1-9
2024-09-14 04:38:10,023 INFO o.a.j.t.JMeterThread: Thread finished: Thread Group 1-9
2024-09-14 04:38:10,027 INFO o.a.j.t.JMeterThread: Stopping because end time detected by thread: Thread Group 1-52
2024-09-14 04:38:10,027 INFO o.a.j.t.JMeterThread: Stopping because end time detected by thread: Thread Group 1-10
2024-09-14 04:38:10,027 INFO o.a.j.t.JMeterThread: Thread finished: Thread Group 1-10
2024-09-14 04:38:10,027 INFO o.a.j.t.JMeterThread: Stopping because end time detected by thread: Thread Group 1-20
2024-09-14 04:38:10,027 INFO o.a.j.t.JMeterThread: Thread finished: Thread Group 1-52
2024-09-14 04:38:10,027 INFO o.a.j.t.JMeterThread: Stopping because end time detected by thread: Thread Group 1-58
2024-09-14 04:38:10,027 INFO o.a.j.t.JMeterThread: Stopping because end time detected by thread: Thread Group 1-15
2024-09-14 04:38:10,027 INFO o.a.j.t.JMeterThread: Thread finished: Thread Group 1-20
2024-09-14 04:38:10,027 INFO o.a.j.t.JMeterThread: Thread finished: Thread Group 1-15
2024-09-14 04:38:10,027 INFO o.a.j.t.JMeterThread: Thread finished: Thread Group 1-58
2024-09-14 04:38:10,035 INFO o.a.j.t.JMeterThread: Stopping because end time detected by thread: Thread Group 1-42
2024-09-14 04:38:10,035 INFO o.a.j.t.JMeterThread: Thread finished: Thread Group 1-42
2024-09-14 04:38:10,039 INFO o.a.j.t.JMeterThread: Stopping because end time detected by thread: Thread Group 1-88
2024-09-14 04:38:10,039 INFO o.a.j.t.JMeterThread: Thread finished: Thread Group 1-88
2024-09-14 04:38:10,040 INFO o.a.j.t.JMeterThread: Stopping because end time detected by thread: Thread Group 1-92
2024-09-14 04:38:10,040 INFO o.a.j.t.JMeterThread: Thread finished: Thread Group 1-92
2024-09-14 04:38:10,044 INFO o.a.j.t.JMeterThread: Stopping because end time detected by thread: Thread Group 1-91
2024-09-14 04:38:10,044 INFO o.a.j.t.JMeterThread: Thread finished: Thread Group 1-91
2024-09-14 04:38:10,062 INFO o.a.j.t.JMeterThread: Stopping because end time detected by thread: Thread Group 1-46
2024-09-14 04:38:10,062 INFO o.a.j.t.JMeterThread: Thread finished: Thread Group 1-46
2024-09-14 04:38:10,071 INFO o.a.j.t.JMeterThread: Stopping because end time detected by thread: Thread Group 1-43
2024-09-14 04:38:10,071 INFO o.a.j.t.JMeterThread: Thread finished: Thread Group 1-43
2024-09-14 04:38:10,080 INFO o.a.j.t.JMeterThread: Stopping because end time detected by thread: Thread Group 1-53
2024-09-14 04:38:10,080 INFO o.a.j.t.JMeterThread: Thread finished: Thread Group 1-53
2024-09-14 04:38:10,091 INFO o.a.j.t.JMeterThread: Stopping because end time detected by thread: Thread Group 1-24
2024-09-14 04:38:10,091 INFO o.a.j.t.JMeterThread: Stopping because end time detected by thread: Thread Group 1-64
2024-09-14 04:38:10,091 INFO o.a.j.t.JMeterThread: Thread finished: Thread Group 1-64
2024-09-14 04:38:10,091 INFO o.a.j.t.JMeterThread: Thread finished: Thread Group 1-24
2024-09-14 04:38:10,094 INFO o.a.j.t.JMeterThread: Stopping because end time detected by thread: Thread Group 1-28
2024-09-14 04:38:10,094 INFO o.a.j.t.JMeterThread: Thread finished: Thread Group 1-28
2024-09-14 04:38:10,097 INFO o.a.j.t.JMeterThread: Stopping because end time detected by thread: Thread Group 1-67
2024-09-14 04:38:10,097 INFO o.a.j.t.JMeterThread: Thread finished: Thread Group 1-67
2024-09-14 04:38:10,104 INFO o.a.j.t.JMeterThread: Stopping because end time detected by thread: Thread Group 1-69
2024-09-14 04:38:10,104 INFO o.a.j.t.JMeterThread: Thread finished: Thread Group 1-69
2024-09-14 04:38:10,105 INFO o.a.j.t.JMeterThread: Stopping because end time detected by thread: Thread Group 1-57
2024-09-14 04:38:10,105 INFO o.a.j.t.JMeterThread: Thread finished: Thread Group 1-57
2024-09-14 04:38:10,118 INFO o.a.j.t.JMeterThread: Stopping because end time detected by thread: Thread Group 1-95
2024-09-14 04:38:10,118 INFO o.a.j.t.JMeterThread: Thread finished: Thread Group 1-95
2024-09-14 04:38:10,119 INFO o.a.j.t.JMeterThread: Stopping because end time detected by thread: Thread Group 1-48
2024-09-14 04:38:10,119 INFO o.a.j.t.JMeterThread: Stopping because end time detected by thread: Thread Group 1-70
2024-09-14 04:38:10,119 INFO o.a.j.t.JMeterThread: Thread finished: Thread Group 1-48
2024-09-14 04:38:10,119 INFO o.a.j.t.JMeterThread: Thread finished: Thread Group 1-70
2024-09-14 04:38:10,126 INFO o.a.j.t.JMeterThread: Stopping because end time detected by thread: Thread Group 1-96
2024-09-14 04:38:10,126 INFO o.a.j.t.JMeterThread: Thread finished: Thread Group 1-96
2024-09-14 04:38:10,130 INFO o.a.j.t.JMeterThread: Stopping because end time detected by thread: Thread Group 1-100
2024-09-14 04:38:10,130 INFO o.a.j.t.JMeterThread: Thread finished: Thread Group 1-100
2024-09-14 04:38:10,143 INFO o.a.j.t.JMeterThread: Stopping because end time detected by thread: Thread Group 1-97
2024-09-14 04:38:10,143 INFO o.a.j.t.JMeterThread: Thread finished: Thread Group 1-97
2024-09-14 04:38:10,208 INFO o.a.j.t.JMeterThread: Stopping because end time detected by thread: Thread Group 1-78
2024-09-14 04:38:10,208 INFO o.a.j.t.JMeterThread: Thread finished: Thread Group 1-78
2024-09-14 04:38:10,227 INFO o.a.j.t.JMeterThread: Stopping because end time detected by thread: Thread Group 1-81
2024-09-14 04:38:10,227 INFO o.a.j.t.JMeterThread: Thread finished: Thread Group 1-81
2024-09-14 04:38:10,247 INFO o.a.j.t.JMeterThread: Stopping because end time detected by thread: Thread Group 1-82
2024-09-14 04:38:10,247 INFO o.a.j.t.JMeterThread: Thread finished: Thread Group 1-82
2024-09-14 04:38:10,251 INFO o.a.j.t.JMeterThread: Stopping because end time detected by thread: Thread Group 1-80
2024-09-14 04:38:10,251 INFO o.a.j.t.JMeterThread: Thread finished: Thread Group 1-80
2024-09-14 04:38:10,267 INFO o.a.j.t.JMeterThread: Stopping because end time detected by thread: Thread Group 1-84
2024-09-14 04:38:10,267 INFO o.a.j.t.JMeterThread: Thread finished: Thread Group 1-84
2024-09-14 04:38:10,281 INFO o.a.j.t.JMeterThread: Stopping because end time detected by thread: Thread Group 1-86
2024-09-14 04:38:10,281 INFO o.a.j.t.JMeterThread: Thread finished: Thread Group 1-86
2024-09-14 04:38:10,289 INFO o.a.j.t.JMeterThread: Stopping because end time detected by thread: Thread Group 1-38
2024-09-14 04:38:10,289 INFO o.a.j.t.JMeterThread: Thread finished: Thread Group 1-38
2024-09-14 04:38:10,304 INFO o.a.j.t.JMeterThread: Stopping because end time detected by thread: Thread Group 1-89
2024-09-14 04:38:10,304 INFO o.a.j.t.JMeterThread: Thread finished: Thread Group 1-89
2024-09-14 04:38:10,319 INFO o.a.j.t.JMeterThread: Stopping because end time detected by thread: Thread Group 1-90
2024-09-14 04:38:10,319 INFO o.a.j.t.JMeterThread: Thread finished: Thread Group 1-90
2024-09-14 04:38:10,344 INFO o.a.j.t.JMeterThread: Stopping because end time detected by thread: Thread Group 1-94
2024-09-14 04:38:10,344 INFO o.a.j.t.JMeterThread: Thread finished: Thread Group 1-94
2024-09-14 04:38:10,344 INFO o.a.j.t.JMeterThread: Stopping because end time detected by thread: Thread Group 1-93
2024-09-14 04:38:10,345 INFO o.a.j.t.JMeterThread: Thread finished: Thread Group 1-93
2024-09-14 04:38:10,390 INFO o.a.j.t.JMeterThread: Stopping because end time detected by thread: Thread Group 1-98
2024-09-14 04:38:10,390 INFO o.a.j.t.JMeterThread: Thread finished: Thread Group 1-98
2024-09-14 04:38:10,399 INFO o.a.j.t.JMeterThread: Stopping because end time detected by thread: Thread Group 1-99
2024-09-14 04:38:10,399 INFO o.a.j.t.JMeterThread: Thread finished: Thread Group 1-99
2024-09-14 04:38:10,511 INFO o.a.j.t.JMeterThread: Stopping because end time detected by thread: Thread Group 1-76
2024-09-14 04:38:10,512 INFO o.a.j.t.JMeterThread: Thread finished: Thread Group 1-76
2024-09-14 04:38:11,814 INFO o.a.j.t.JMeterThread: Stopping because end time detected by thread: Thread Group 1-62
2024-09-14 04:38:11,815 INFO o.a.j.t.JMeterThread: Thread finished: Thread Group 1-62
2024-09-14 04:38:11,816 INFO o.a.j.e.StandardJMeterEngine: Notifying test listeners of end of test
2024-09-14 04:38:11,819 INFO o.a.j.r.Summariser: summary =    323 in 00:00:03 =  111.3/s Avg:   199 Min:    85 Max:  2272 Err:     1 (0.31%)
